<?xml version="1.0" encoding="UTF-8"?>
<!-- Generated by org.testng.reporters.JUnitReportReporter -->
<testsuite hostname="LAPTOP-J2EHUA6C" failures="0" tests="5" name="com.automation.TestNG.day2.TriCombo" time="0.027" errors="0" timestamp="2023-08-07T19:47:28 EDT" skipped="0">
  <testcase classname="com.automation.TestNG.day2.TriCombo" name="tc1" time="0.008"/>
  <testcase classname="com.automation.TestNG.day2.TriCombo" name="tc4" time="0.002"/>
  <testcase classname="com.automation.TestNG.day2.TriCombo" name="tc5" time="0.002"/>
  <testcase classname="com.automation.TestNG.day2.TriCombo" name="tc3" time="0.012"/>
  <testcase classname="com.automation.TestNG.day2.TriCombo" name="tc2" time="0.003"/>
</testsuite> <!-- com.automation.TestNG.day2.TriCombo -->
