<?xml version="1.0" encoding="UTF-8"?>
<!-- Generated by org.testng.reporters.JUnitReportReporter -->
<testsuite hostname="LAPTOP-J2EHUA6C" failures="0" tests="3" name="com.automation.TestNG.day4.DataProvider_Concepts" time="0.021" errors="0" timestamp="2023-08-18T17:05:23 EDT" skipped="0">
  <testcase classname="com.automation.TestNG.day4.DataProvider_Concepts" name="loginTest" time="0.003"/>
  <testcase classname="com.automation.TestNG.day4.DataProvider_Concepts" name="loginTest" time="0.015"/>
  <testcase classname="com.automation.TestNG.day4.DataProvider_Concepts" name="loginTest" time="0.003"/>
</testsuite> <!-- com.automation.TestNG.day4.DataProvider_Concepts -->
