<?xml version="1.0" encoding="UTF-8"?>
<!-- Generated by org.testng.reporters.JUnitReportReporter -->
<testsuite hostname="LAPTOP-J2EHUA6C" failures="0" tests="2" name="com.automation.TentNG.day7.Register" time="0.005" errors="0" timestamp="2023-09-08T16:42:17 EDT" skipped="0">
  <testcase classname="com.automation.TentNG.day7.Register" name="verifyValidRegister" time="0.003"/>
  <testcase classname="com.automation.TentNG.day7.Register" name="verifyInvalidRegister" time="0.002"/>
</testsuite> <!-- com.automation.TentNG.day7.Register -->
