<?xml version="1.0" encoding="UTF-8"?>
<!-- Generated by org.testng.reporters.JUnitReportReporter -->
<testsuite hostname="LAPTOP-J2EHUA6C" failures="0" tests="3" name="com.practice.day.Home_Practice_Automation" time="59.922" errors="0" timestamp="2023-08-08T17:50:17 EDT" skipped="0">
  <testcase classname="com.practice.day.Home_Practice_Automation" name="tc1" time="8.885"/>
  <testcase classname="com.practice.day.Home_Practice_Automation" name="tc2" time="11.121"/>
  <testcase classname="com.practice.day.Home_Practice_Automation" name="tc3" time="39.916"/>
</testsuite> <!-- com.practice.day.Home_Practice_Automation -->
