<?xml version="1.0" encoding="UTF-8"?>
<!-- Generated by org.testng.reporters.JUnitReportReporter -->
<testsuite hostname="LAPTOP-J2EHUA6C" failures="0" tests="5" name="com.automation.TestNG.day6.DataDrivenTesting.Rediff_Login_Test_ExcelSheet" time="32.234" errors="0" timestamp="2023-09-05T18:46:00 EDT" skipped="0">
  <testcase classname="com.automation.TestNG.day6.DataDrivenTesting.Rediff_Login_Test_ExcelSheet" name="rediffLoginTest" time="7.969"/>
  <testcase classname="com.automation.TestNG.day6.DataDrivenTesting.Rediff_Login_Test_ExcelSheet" name="rediffLoginTest" time="4.966"/>
  <testcase classname="com.automation.TestNG.day6.DataDrivenTesting.Rediff_Login_Test_ExcelSheet" name="rediffLoginTest" time="4.943"/>
  <testcase classname="com.automation.TestNG.day6.DataDrivenTesting.Rediff_Login_Test_ExcelSheet" name="rediffLoginTest" time="3.940"/>
  <testcase classname="com.automation.TestNG.day6.DataDrivenTesting.Rediff_Login_Test_ExcelSheet" name="rediffLoginTest" time="10.416"/>
</testsuite> <!-- com.automation.TestNG.day6.DataDrivenTesting.Rediff_Login_Test_ExcelSheet -->
