<?xml version="1.0" encoding="UTF-8"?>
<!-- Generated by org.testng.reporters.JUnitReportReporter -->
<testsuite hostname="LAPTOP-J2EHUA6C" failures="0" tests="2" name="com.automation.TestNG.day1.Annotations_TestNG" time="0.018" errors="0" timestamp="2023-08-06T15:21:26 EDT" skipped="0">
  <testcase classname="com.automation.TestNG.day1.Annotations_TestNG" name="testcase1" time="0.013"/>
  <testcase classname="com.automation.TestNG.day1.Annotations_TestNG" name="testcase2" time="0.005"/>
</testsuite> <!-- com.automation.TestNG.day1.Annotations_TestNG -->
