<?xml version="1.0" encoding="UTF-8"?>
<!-- Generated by org.testng.reporters.JUnitReportReporter -->
<testsuite hostname="LAPTOP-J2EHUA6C" failures="0" tests="1" name="com.automation.ScreenRecording.TN_LoginTest" time="13.095" errors="0" timestamp="2023-09-19T03:51:45 EDT" skipped="0">
  <testcase classname="com.automation.ScreenRecording.TN_LoginTest" name="loginTest" time="13.095"/>
</testsuite> <!-- com.automation.ScreenRecording.TN_LoginTest -->
