<?xml version="1.0" encoding="UTF-8"?>
<!-- Generated by org.testng.reporters.JUnitReportReporter -->
<testsuite hostname="LAPTOP-J2EHUA6C" failures="0" tests="1" name="com.automation.ActionsClass.Demo" time="11.940" errors="0" timestamp="2023-09-17T18:11:18 EDT" skipped="0">
  <testcase classname="com.automation.ActionsClass.Demo" name="fewKeyOperations" time="11.940"/>
</testsuite> <!-- com.automation.ActionsClass.Demo -->
