<?xml version="1.0" encoding="UTF-8"?>
<!-- Generated by org.testng.reporters.JUnitReportReporter -->
<testsuite hostname="LAPTOP-J2EHUA6C" failures="0" tests="1" name="com.automationcode.day8.Alerts_Popups" time="13.328" errors="0" timestamp="2023-08-27T18:22:03 EDT" skipped="0">
  <testcase classname="com.automationcode.day8.Alerts_Popups" name="rediffAlert" time="13.328"/>
</testsuite> <!-- com.automationcode.day8.Alerts_Popups -->
