<?xml version="1.0" encoding="UTF-8"?>
<!-- Generated by org.testng.reporters.JUnitReportReporter -->
<testsuite hostname="LAPTOP-J2EHUA6C" failures="0" tests="11" name="com.automation.TestNG.day6.ApplyingDataDriven_this_super_Keywords.Login_Test" time="69.281" errors="0" timestamp="2023-09-08T18:16:43 EDT" skipped="0">
  <testcase classname="com.automation.TestNG.day6.ApplyingDataDriven_this_super_Keywords.Login_Test" name="verifyLoginWithValidCredentials" time="6.192"/>
  <testcase classname="com.automation.TestNG.day6.ApplyingDataDriven_this_super_Keywords.Login_Test" name="verifyLoginWithValidCredentials" time="6.119"/>
  <testcase classname="com.automation.TestNG.day6.ApplyingDataDriven_this_super_Keywords.Login_Test" name="verifyLoginWithValidCredentials" time="6.371"/>
  <testcase classname="com.automation.TestNG.day6.ApplyingDataDriven_this_super_Keywords.Login_Test" name="verifyLoginWithValidCredentials" time="6.103"/>
  <testcase classname="com.automation.TestNG.day6.ApplyingDataDriven_this_super_Keywords.Login_Test" name="verifyLoginWithValidCredentials" time="6.147"/>
  <testcase classname="com.automation.TestNG.day6.ApplyingDataDriven_this_super_Keywords.Login_Test" name="verifyLoginWithValidCredentials" time="6.067"/>
  <testcase classname="com.automation.TestNG.day6.ApplyingDataDriven_this_super_Keywords.Login_Test" name="verifyLoginWithValidCredentials" time="6.732"/>
  <testcase classname="com.automation.TestNG.day6.ApplyingDataDriven_this_super_Keywords.Login_Test" name="verifyLoginWithValidEmailAndInvalidPassword" time="5.799"/>
  <testcase classname="com.automation.TestNG.day6.ApplyingDataDriven_this_super_Keywords.Login_Test" name="verifyLoginWithInvalidEmailAndValidPassword" time="8.210"/>
  <testcase classname="com.automation.TestNG.day6.ApplyingDataDriven_this_super_Keywords.Login_Test" name="verifyLoginWithInvalidCredentials" time="5.951"/>
  <testcase classname="com.automation.TestNG.day6.ApplyingDataDriven_this_super_Keywords.Login_Test" name="verifyLoginWithNoCredentials" time="5.590"/>
</testsuite> <!-- com.automation.TestNG.day6.ApplyingDataDriven_this_super_Keywords.Login_Test -->
