<?xml version="1.0" encoding="UTF-8"?>
<!-- Generated by org.testng.reporters.JUnitReportReporter -->
<testsuite hostname="LAPTOP-J2EHUA6C" failures="0" tests="1" name="com.automation.TestNG.day6.TN_Logic_Test_UsingPropertiesFile" time="11.013" errors="0" timestamp="2023-09-04T21:46:07 EDT" skipped="0">
  <testcase classname="com.automation.TestNG.day6.TN_Logic_Test_UsingPropertiesFile" name="loginTest" time="11.013"/>
</testsuite> <!-- com.automation.TestNG.day6.TN_Logic_Test_UsingPropertiesFile -->
