<?xml version="1.0" encoding="UTF-8"?>
<!-- Generated by org.testng.reporters.JUnitReportReporter -->
<testsuite hostname="LAPTOP-J2EHUA6C" failures="0" tests="1" name="com.practice.day.Validation_WarningMessages" time="7.724" errors="0" timestamp="2023-11-30T18:57:28 EST" skipped="0">
  <testcase classname="com.practice.day.Validation_WarningMessages" name="registerTestCSS" time="7.724"/>
</testsuite> <!-- com.practice.day.Validation_WarningMessages -->
