<?xml version="1.0" encoding="UTF-8"?>
<!-- Generated by org.testng.reporters.JUnitReportReporter -->
<testsuite hostname="LAPTOP-J2EHUA6C" failures="0" tests="1" name="com.practice.day.Validation_Webpage" time="11.733" errors="0" timestamp="2023-11-30T17:52:59 EST" skipped="0">
  <testcase classname="com.practice.day.Validation_Webpage" name="loginTestXpath" time="11.733"/>
</testsuite> <!-- com.practice.day.Validation_Webpage -->
