<?xml version="1.0" encoding="UTF-8"?>
<!-- Generated by org.testng.reporters.JUnitReportReporter -->
<testsuite hostname="LAPTOP-J2EHUA6C" failures="0" tests="2" name="com.automation.TestNG.day2.Automationcode_TriCombo" time="33.322" errors="0" timestamp="2023-08-08T00:00:53 EDT" skipped="0">
  <testcase classname="com.automation.TestNG.day2.Automationcode_TriCombo" name="loginTest" time="15.064"/>
  <testcase classname="com.automation.TestNG.day2.Automationcode_TriCombo" name="logoutTest" time="18.258"/>
</testsuite> <!-- com.automation.TestNG.day2.Automationcode_TriCombo -->
