<?xml version="1.0" encoding="UTF-8"?>
<!-- Generated by org.testng.reporters.JUnitReportReporter -->
<testsuite hostname="LAPTOP-J2EHUA6C" failures="0" tests="4" name="com.automationcode.day6.Validation_Techniques.Converting_To_Testng" time="71.064" errors="0" timestamp="2023-08-07T18:53:38 EDT" skipped="0">
  <testcase classname="com.automationcode.day6.Validation_Techniques.Converting_To_Testng" name="rediffPositive" time="29.837"/>
  <testcase classname="com.automationcode.day6.Validation_Techniques.Converting_To_Testng" name="rediffNegative" time="28.472"/>
  <testcase classname="com.automationcode.day6.Validation_Techniques.Converting_To_Testng" name="tutorialsNinjaPositive" time="6.588"/>
  <testcase classname="com.automationcode.day6.Validation_Techniques.Converting_To_Testng" name="tutorialsNinjaNegative" time="6.167"/>
</testsuite> <!-- com.automationcode.day6.Validation_Techniques.Converting_To_Testng -->
