<?xml version="1.0" encoding="UTF-8"?>
<!-- Generated by org.testng.reporters.JUnitReportReporter -->
<testsuite hostname="LAPTOP-J2EHUA6C" failures="0" tests="1" name="com.practice.day.Xpath_Demo" time="14.214" errors="0" timestamp="2023-11-30T16:41:04 EST" skipped="0">
  <testcase classname="com.practice.day.Xpath_Demo" name="registerTestCSS" time="14.214"/>
</testsuite> <!-- com.practice.day.Xpath_Demo -->
