<?xml version="1.0" encoding="UTF-8"?>
<!-- Generated by org.testng.reporters.JUnitReportReporter -->
<testsuite hostname="LAPTOP-J2EHUA6C" failures="0" tests="1" name="com.automation.datePicker.Example1" time="15.792" errors="0" timestamp="2023-09-17T22:26:15 EDT" skipped="0">
  <testcase classname="com.automation.datePicker.Example1" name="useCustomizedDateMethod" time="15.792"/>
</testsuite> <!-- com.automation.datePicker.Example1 -->
