<?xml version="1.0" encoding="UTF-8"?>
<!-- Generated by org.testng.reporters.JUnitReportReporter -->
<testsuite hostname="LAPTOP-J2EHUA6C" failures="0" tests="1" name="com.automation.TestNG.day4.SoftAssert_TN_Register" time="9.476" errors="0" timestamp="2023-08-21T22:12:16 EDT" skipped="0">
  <testcase classname="com.automation.TestNG.day4.SoftAssert_TN_Register" name="register_warning_messages" time="9.476"/>
</testsuite> <!-- com.automation.TestNG.day4.SoftAssert_TN_Register -->
