<?xml version="1.0" encoding="UTF-8"?>
<!-- Generated by org.testng.reporters.JUnitReportReporter -->
<testsuite hostname="LAPTOP-J2EHUA6C" failures="0" tests="1" name="com.automation.TakeScreenshots.Demo" time="9.406" errors="0" timestamp="2023-09-16T14:52:22 EDT" skipped="0">
  <testcase classname="com.automation.TakeScreenshots.Demo" name="jeevansathiScreenshot" time="9.406"/>
</testsuite> <!-- com.automation.TakeScreenshots.Demo -->
