<?xml version="1.0" encoding="UTF-8"?>
<!-- Generated by org.testng.reporters.JUnitReportReporter -->
<testsuite hostname="LAPTOP-J2EHUA6C" failures="0" tests="1" name="com.javacode.day9.ChromeOptions.Demo_ChromeOptions" time="5.279" errors="0" timestamp="2023-09-16T01:50:33 EDT" skipped="0">
  <testcase classname="com.javacode.day9.ChromeOptions.Demo_ChromeOptions" name="demoTest" time="5.279"/>
</testsuite> <!-- com.javacode.day9.ChromeOptions.Demo_ChromeOptions -->
