<?xml version="1.0" encoding="UTF-8"?>
<!-- Generated by org.testng.reporters.JUnitReportReporter -->
<testsuite hostname="LAPTOP-J2EHUA6C" failures="0" tests="1" name="com.automation.ActionsClass.CopyPasteAssignment" time="12.606" errors="0" timestamp="2023-09-17T19:00:29 EDT" skipped="0">
  <testcase classname="com.automation.ActionsClass.CopyPasteAssignment" name="copyPasteValidate" time="12.606"/>
</testsuite> <!-- com.automation.ActionsClass.CopyPasteAssignment -->
