<?xml version="1.0" encoding="UTF-8"?>
<!-- Generated by org.testng.reporters.JUnitReportReporter -->
<testsuite hostname="LAPTOP-J2EHUA6C" failures="0" tests="1" name="com.automation.TestNG.ChromeOptions.HeadlessMode" time="6.985" errors="0" timestamp="2023-09-16T02:04:21 EDT" skipped="0">
  <testcase classname="com.automation.TestNG.ChromeOptions.HeadlessMode" name="demoTest" time="6.985"/>
</testsuite> <!-- com.automation.TestNG.ChromeOptions.HeadlessMode -->
