<?xml version="1.0" encoding="UTF-8"?>
<!-- Generated by org.testng.reporters.JUnitReportReporter -->
<testsuite hostname="LAPTOP-J2EHUA6C" failures="0" tests="1" name="com.automation.TestNG.day5.TN_Parameterization" time="5.649" errors="0" timestamp="2023-09-08T21:00:24 EDT" skipped="0">
  <testcase classname="com.automation.TestNG.day5.TN_Parameterization" name="tnLogin" time="5.649"/>
</testsuite> <!-- com.automation.TestNG.day5.TN_Parameterization -->
