<?xml version="1.0" encoding="UTF-8"?>
<!-- Generated by org.testng.reporters.JUnitReportReporter -->
<testsuite hostname="LAPTOP-J2EHUA6C" failures="0" tests="1" name="com.automationcode.day9.TN_Logic_Test_UsingPropertiesFile" time="12.063" errors="0" timestamp="2023-09-04T21:32:02 EDT" skipped="0">
  <testcase classname="com.automationcode.day9.TN_Logic_Test_UsingPropertiesFile" name="loginTest" time="12.063"/>
</testsuite> <!-- com.automationcode.day9.TN_Logic_Test_UsingPropertiesFile -->
