<?xml version="1.0" encoding="UTF-8"?>
<!-- Generated by org.testng.reporters.JUnitReportReporter -->
<testsuite hostname="LAPTOP-J2EHUA6C" failures="0" tests="1" name="com.automation.TestNG.day5.Rediff_Parameterization" time="9.307" errors="0" timestamp="2023-09-08T20:59:46 EDT" skipped="0">
  <testcase classname="com.automation.TestNG.day5.Rediff_Parameterization" name="rediffTest" time="9.307"/>
</testsuite> <!-- com.automation.TestNG.day5.Rediff_Parameterization -->
