<?xml version="1.0" encoding="UTF-8"?>
<!-- Generated by org.testng.reporters.JUnitReportReporter -->
<testsuite hostname="LAPTOP-J2EHUA6C" failures="0" tests="5" name="com.automationcode.day7.DataProvider_TN" time="42.326" errors="0" timestamp="2023-08-18T17:45:47 EDT" skipped="0">
  <testcase classname="com.automationcode.day7.DataProvider_TN" name="loginTest" time="7.737"/>
  <testcase classname="com.automationcode.day7.DataProvider_TN" name="loginTest" time="8.040"/>
  <testcase classname="com.automationcode.day7.DataProvider_TN" name="loginTest" time="11.292"/>
  <testcase classname="com.automationcode.day7.DataProvider_TN" name="loginTest" time="7.966"/>
  <testcase classname="com.automationcode.day7.DataProvider_TN" name="loginTest" time="7.291"/>
</testsuite> <!-- com.automationcode.day7.DataProvider_TN -->
