<?xml version="1.0" encoding="UTF-8"?>
<!-- Generated by org.testng.reporters.JUnitReportReporter -->
<testsuite hostname="LAPTOP-J2EHUA6C" failures="0" tests="2" name="com.automationcode.day7.Two_DP_Two_TCs" time="19.677" errors="0" timestamp="2023-08-18T20:01:19 EDT" skipped="0">
  <testcase classname="com.automationcode.day7.Two_DP_Two_TCs" name="loginTestRediff" time="7.975"/>
  <testcase classname="com.automationcode.day7.Two_DP_Two_TCs" name="loginTestRediff" time="11.702"/>
</testsuite> <!-- com.automationcode.day7.Two_DP_Two_TCs -->
