<?xml version="1.0" encoding="UTF-8"?>
<!-- Generated by org.testng.reporters.JUnitReportReporter -->
<testsuite hostname="LAPTOP-J2EHUA6C" failures="0" tests="2" name="com.automationcode.day7.DataProvider_TN_Register" time="23.583" errors="0" timestamp="2023-08-18T18:09:44 EDT" skipped="0">
  <testcase classname="com.automationcode.day7.DataProvider_TN_Register" name="registerTest" time="12.837"/>
  <testcase classname="com.automationcode.day7.DataProvider_TN_Register" name="registerTest" time="10.746"/>
</testsuite> <!-- com.automationcode.day7.DataProvider_TN_Register -->
