<?xml version="1.0" encoding="UTF-8"?>
<!-- Generated by org.testng.reporters.JUnitReportReporter -->
<testsuite hostname="LAPTOP-J2EHUA6C" failures="0" tests="2" name="com.automation.TentNG.day7.Login" time="0.019" errors="0" timestamp="2023-09-08T16:42:17 EDT" skipped="0">
  <testcase classname="com.automation.TentNG.day7.Login" name="verifyValidLogin" time="0.017"/>
  <testcase classname="com.automation.TentNG.day7.Login" name="verifyInvalidLogin" time="0.002"/>
</testsuite> <!-- com.automation.TentNG.day7.Login -->
