<?xml version="1.0" encoding="UTF-8"?>
<!-- Generated by org.testng.reporters.JUnitReportReporter -->
<testsuite hostname="LAPTOP-J2EHUA6C" failures="0" tests="7" name="com.automation.TestNG.day6.DataDrivenTesting.TN_Login_Excel_Test" time="58.310" errors="0" timestamp="2023-09-05T03:25:25 EDT" skipped="0">
  <testcase classname="com.automation.TestNG.day6.DataDrivenTesting.TN_Login_Excel_Test" name="LoginTNTest" time="9.248"/>
  <testcase classname="com.automation.TestNG.day6.DataDrivenTesting.TN_Login_Excel_Test" name="LoginTNTest" time="9.704"/>
  <testcase classname="com.automation.TestNG.day6.DataDrivenTesting.TN_Login_Excel_Test" name="LoginTNTest" time="7.750"/>
  <testcase classname="com.automation.TestNG.day6.DataDrivenTesting.TN_Login_Excel_Test" name="LoginTNTest" time="8.154"/>
  <testcase classname="com.automation.TestNG.day6.DataDrivenTesting.TN_Login_Excel_Test" name="LoginTNTest" time="7.872"/>
  <testcase classname="com.automation.TestNG.day6.DataDrivenTesting.TN_Login_Excel_Test" name="LoginTNTest" time="7.948"/>
  <testcase classname="com.automation.TestNG.day6.DataDrivenTesting.TN_Login_Excel_Test" name="LoginTNTest" time="7.634"/>
</testsuite> <!-- com.automation.TestNG.day6.DataDrivenTesting.TN_Login_Excel_Test -->
