<?xml version="1.0" encoding="UTF-8"?>
<!-- Generated by org.testng.reporters.JUnitReportReporter -->
<testsuite hostname="LAPTOP-J2EHUA6C" failures="0" tests="2" name="com.automation.TentNG.day7.Product" time="0.004" errors="0" timestamp="2023-09-08T16:42:17 EDT" skipped="0">
  <testcase classname="com.automation.TentNG.day7.Product" name="verifyValidProduct" time="0.002"/>
  <testcase classname="com.automation.TentNG.day7.Product" name="verifyInvalidProduct" time="0.002"/>
</testsuite> <!-- com.automation.TentNG.day7.Product -->
