<?xml version="1.0" encoding="UTF-8"?>
<!-- Generated by org.testng.reporters.JUnitReportReporter -->
<testsuite hostname="LAPTOP-J2EHUA6C" failures="0" tests="1" name="com.automation.TestNG.day6.Rediff_Login_Test_UsingPropertiesFile" time="12.852" errors="0" timestamp="2023-09-04T22:02:20 EDT" skipped="0">
  <testcase classname="com.automation.TestNG.day6.Rediff_Login_Test_UsingPropertiesFile" name="rediffLoginTest" time="12.852"/>
</testsuite> <!-- com.automation.TestNG.day6.Rediff_Login_Test_UsingPropertiesFile -->
