<?xml version="1.0" encoding="UTF-8"?>
<!-- Generated by org.testng.reporters.JUnitReportReporter -->
<testsuite hostname="LAPTOP-J2EHUA6C" failures="0" tests="1" name="com.automation.TestNG.Suite3.Class1" time="0.001" errors="0" timestamp="2023-09-08T20:08:16 EDT" skipped="0">
  <testcase classname="com.automation.TestNG.Suite3.Class1" name="testingClass1" time="0.001"/>
</testsuite> <!-- com.automation.TestNG.Suite3.Class1 -->
