<?xml version="1.0" encoding="UTF-8"?>
<!-- Generated by org.testng.reporters.JUnitReportReporter -->
<testsuite hostname="LAPTOP-J2EHUA6C" failures="0" tests="1" name="com.automation.WebTable.Calss_Assignment.Web_Table" time="7.434" errors="0" timestamp="2023-09-19T20:33:45 EDT" skipped="0">
  <testcase classname="com.automation.WebTable.Calss_Assignment.Web_Table" name="first5rows" time="7.434"/>
</testsuite> <!-- com.automation.WebTable.Calss_Assignment.Web_Table -->
