<?xml version="1.0" encoding="UTF-8"?>
<!-- Generated by org.testng.reporters.JUnitReportReporter -->
<testsuite hostname="LAPTOP-J2EHUA6C" failures="0" tests="1" name="com.automation.MultipleWebElements.Flipkart" time="7.079" errors="0" timestamp="2023-09-17T13:15:36 EDT" skipped="0">
  <testcase classname="com.automation.MultipleWebElements.Flipkart" name="flipkartLinks" time="7.079"/>
</testsuite> <!-- com.automation.MultipleWebElements.Flipkart -->
