<?xml version="1.0" encoding="UTF-8"?>
<!-- Generated by org.testng.reporters.JUnitReportReporter -->
<testsuite hostname="LAPTOP-J2EHUA6C" failures="0" tests="1" name="com.automationcode.day7.AAAA" time="0.002" errors="0" timestamp="2023-08-18T20:57:05 EDT" skipped="0">
  <testcase classname="com.automationcode.day7.AAAA" name="logoutTest" time="0.002"/>
</testsuite> <!-- com.automationcode.day7.AAAA -->
